<?xml version="1.0" encoding="UTF-8"?>
<!-- Generated by org.testng.reporters.JUnitReportReporter -->
<testsuite skipped="0" hostname="LW-NIRUSH" name="endToEndScenarios.SCN03" tests="2" failures="0" timestamp="27 Aug 2018 10:46:28 GMT" time="146.013" errors="0">
  <testcase name="receiptPostingSetup_3" time="52.444" classname="endToEndScenarios.SCN03"/>
  <testcase name="fullPayoff" time="93.569" classname="endToEndScenarios.SCN03"/>
</testsuite> <!-- endToEndScenarios.SCN03 -->
