<?xml version="1.0" encoding="UTF-8"?>
<!-- Generated by org.testng.reporters.JUnitReportReporter -->
<testsuite skipped="0" hostname="LW-NIRUSH" name="endToEndScenarios.SCN20" tests="4" failures="0" timestamp="20 Aug 2018 08:05:05 GMT" time="268.010" errors="0">
  <testcase name="leaseExtensionUpdates" time="56.907" classname="endToEndScenarios.SCN20"/>
  <testcase name="updates_4" time="52.421" classname="endToEndScenarios.SCN20"/>
  <testcase name="receiptPostingSetup_2" time="61.286" classname="endToEndScenarios.SCN20"/>
  <testcase name="fullPayoff" time="97.396" classname="endToEndScenarios.SCN20"/>
</testsuite> <!-- endToEndScenarios.SCN20 -->
