<?xml version="1.0" encoding="UTF-8"?>
<!-- Generated by org.testng.reporters.JUnitReportReporter -->
<testsuite skipped="0" hostname="LW-NIRUSH" name="endToEndScenarios.SCN14" tests="1" failures="0" timestamp="28 Aug 2018 09:32:54 GMT" time="98.692" errors="0">
  <testcase name="fullPayoff" time="98.692" classname="endToEndScenarios.SCN14"/>
</testsuite> <!-- endToEndScenarios.SCN14 -->
