<?xml version="1.0" encoding="UTF-8"?>
<!-- Generated by org.testng.reporters.JUnitReportReporter -->
<testsuite skipped="0" hostname="LW-NIRUSH" name="test.BookLease_VerifyPrimeYield" tests="2" failures="0" timestamp="19 Jun 2018 10:17:08 GMT" time="560.669" errors="0">
  <testcase name="FrontendLeaseDataSetup" time="285.129" classname="test.BookLease_VerifyPrimeYield"/>
  <testcase name="FrontendLeaseDataSetup" time="275.540" classname="test.BookLease_VerifyPrimeYield"/>
</testsuite> <!-- test.BookLease_VerifyPrimeYield -->
