<?xml version="1.0" encoding="UTF-8"?>
<!-- Generated by org.testng.reporters.JUnitReportReporter -->
<testsuite skipped="0" hostname="LW-NIRUSH" name="endToEndScenarios.SCN04" tests="2" failures="0" timestamp="28 Aug 2018 11:24:36 GMT" time="148.583" errors="0">
  <testcase name="updates_4" time="51.946" classname="endToEndScenarios.SCN04"/>
  <testcase name="fullPayoff" time="96.637" classname="endToEndScenarios.SCN04"/>
</testsuite> <!-- endToEndScenarios.SCN04 -->
