<?xml version="1.0" encoding="UTF-8"?>
<!-- Generated by org.testng.reporters.JUnitReportReporter -->
<testsuite skipped="0" hostname="LW-NIRUSH" name="moduleLevel_Scenarios.LTRtoAR_IR_STUpdatesDataSetup_Test" tests="1" failures="0" timestamp="14 May 2018 06:15:08 GMT" time="48.223" errors="0">
  <testcase name="LTRtoARIncomeRecog" time="48.223" classname="moduleLevel_Scenarios.LTRtoAR_IR_STUpdatesDataSetup_Test"/>
</testsuite> <!-- moduleLevel_Scenarios.LTRtoAR_IR_STUpdatesDataSetup_Test -->
