<?xml version="1.0" encoding="UTF-8"?>
<!-- Generated by org.testng.reporters.JUnitReportReporter -->
<testsuite skipped="0" hostname="LW-NIRUSH" name="moduleLevel_Scenarios.CreateVendorInvoice_Test" tests="21" failures="0" timestamp="11 Dec 2018 04:09:04 GMT" time="1573.627" errors="0">
  <testcase name="VendorInvoiceDataSetup" time="86.100" classname="moduleLevel_Scenarios.CreateVendorInvoice_Test"/>
  <testcase name="VendorInvoiceDataSetup" time="75.659" classname="moduleLevel_Scenarios.CreateVendorInvoice_Test"/>
  <testcase name="VendorInvoiceDataSetup" time="70.023" classname="moduleLevel_Scenarios.CreateVendorInvoice_Test"/>
  <testcase name="VendorInvoiceDataSetup" time="76.837" classname="moduleLevel_Scenarios.CreateVendorInvoice_Test"/>
  <testcase name="VendorInvoiceDataSetup" time="69.093" classname="moduleLevel_Scenarios.CreateVendorInvoice_Test"/>
  <testcase name="VendorInvoiceDataSetup" time="73.576" classname="moduleLevel_Scenarios.CreateVendorInvoice_Test"/>
  <testcase name="VendorInvoiceDataSetup" time="77.161" classname="moduleLevel_Scenarios.CreateVendorInvoice_Test"/>
  <testcase name="VendorInvoiceDataSetup" time="74.357" classname="moduleLevel_Scenarios.CreateVendorInvoice_Test"/>
  <testcase name="VendorInvoiceDataSetup" time="74.331" classname="moduleLevel_Scenarios.CreateVendorInvoice_Test"/>
  <testcase name="VendorInvoiceDataSetup" time="72.304" classname="moduleLevel_Scenarios.CreateVendorInvoice_Test"/>
  <testcase name="VendorInvoiceDataSetup" time="76.576" classname="moduleLevel_Scenarios.CreateVendorInvoice_Test"/>
  <testcase name="VendorInvoiceDataSetup" time="71.196" classname="moduleLevel_Scenarios.CreateVendorInvoice_Test"/>
  <testcase name="VendorInvoiceDataSetup" time="76.674" classname="moduleLevel_Scenarios.CreateVendorInvoice_Test"/>
  <testcase name="VendorInvoiceDataSetup" time="75.618" classname="moduleLevel_Scenarios.CreateVendorInvoice_Test"/>
  <testcase name="VendorInvoiceDataSetup" time="74.959" classname="moduleLevel_Scenarios.CreateVendorInvoice_Test"/>
  <testcase name="VendorInvoiceDataSetup" time="76.712" classname="moduleLevel_Scenarios.CreateVendorInvoice_Test"/>
  <testcase name="VendorInvoiceDataSetup" time="74.083" classname="moduleLevel_Scenarios.CreateVendorInvoice_Test"/>
  <testcase name="VendorInvoiceDataSetup" time="69.526" classname="moduleLevel_Scenarios.CreateVendorInvoice_Test"/>
  <testcase name="VendorInvoiceDataSetup" time="75.400" classname="moduleLevel_Scenarios.CreateVendorInvoice_Test"/>
  <testcase name="VendorInvoiceDataSetup" time="73.044" classname="moduleLevel_Scenarios.CreateVendorInvoice_Test"/>
  <testcase name="VendorInvoiceDataSetup" time="80.398" classname="moduleLevel_Scenarios.CreateVendorInvoice_Test"/>
</testsuite> <!-- moduleLevel_Scenarios.CreateVendorInvoice_Test -->
