<?xml version="1.0" encoding="UTF-8"?>
<!-- Generated by org.testng.reporters.JUnitReportReporter -->
<testsuite skipped="0" hostname="LW-NIRUSH" name="endToEndScenarios.SCN15" tests="1" failures="0" timestamp="24 Aug 2018 09:51:29 GMT" time="91.022" errors="0">
  <testcase name="fullPayoff" time="91.022" classname="endToEndScenarios.SCN15"/>
</testsuite> <!-- endToEndScenarios.SCN15 -->
