<?xml version="1.0" encoding="UTF-8"?>
<!-- Generated by org.testng.reporters.JUnitReportReporter -->
<testsuite skipped="0" hostname="LW-NIRUSH" name="moduleLevel_Scenarios.FrontendLeaseDataSetup_Test" tests="1" failures="0" timestamp="18 Oct 2018 06:52:54 GMT" time="889.660" errors="0">
  <testcase name="FrontendLeaseDataSetup" time="889.660" classname="moduleLevel_Scenarios.FrontendLeaseDataSetup_Test"/>
</testsuite> <!-- moduleLevel_Scenarios.FrontendLeaseDataSetup_Test -->
