<?xml version="1.0" encoding="UTF-8"?>
<!-- Generated by org.testng.reporters.JUnitReportReporter -->
<testsuite skipped="0" hostname="LW-NIRUSH" name="moduleLevel_Scenarios.AssetSplit_Test" tests="1" failures="0" timestamp="14 May 2018 11:07:45 GMT" time="35.848" errors="0">
  <testcase name="assetSplit" time="35.848" classname="moduleLevel_Scenarios.AssetSplit_Test"/>
</testsuite> <!-- moduleLevel_Scenarios.AssetSplit_Test -->
