<?xml version="1.0" encoding="UTF-8"?>
<!-- Generated by org.testng.reporters.JUnitReportReporter -->
<testsuite skipped="0" hostname="LW-NIRUSH" name="endToEndScenarios.SCN21" tests="6" failures="0" timestamp="18 Aug 2018 06:49:28 GMT" time="513.421" errors="0">
  <testcase name="updates_3" time="52.291" classname="endToEndScenarios.SCN21"/>
  <testcase name="partialPayoff_1" time="153.471" classname="endToEndScenarios.SCN21"/>
  <testcase name="leaseExtensionUpdates" time="69.076" classname="endToEndScenarios.SCN21"/>
  <testcase name="updates_4" time="54.847" classname="endToEndScenarios.SCN21"/>
  <testcase name="receiptPostingSetup_4" time="60.819" classname="endToEndScenarios.SCN21"/>
  <testcase name="fullPayoff" time="122.917" classname="endToEndScenarios.SCN21"/>
</testsuite> <!-- endToEndScenarios.SCN21 -->
