<?xml version="1.0" encoding="UTF-8"?>
<!-- Generated by org.testng.reporters.JUnitReportReporter -->
<testsuite skipped="0" hostname="LW-NIRUSH" name="endToEndScenarios.SCN02" tests="2" failures="0" timestamp="10 Oct 2018 08:05:07 GMT" time="485.277" errors="0">
  <testcase name="vendorInvoiceSetup" time="119.203" classname="endToEndScenarios.SCN02"/>
  <testcase name="frontendLeaseSetup" time="366.074" classname="endToEndScenarios.SCN02"/>
</testsuite> <!-- endToEndScenarios.SCN02 -->
