<?xml version="1.0" encoding="UTF-8"?>
<!-- Generated by org.testng.reporters.JUnitReportReporter -->
<testsuite skipped="0" hostname="LW-NIRUSH" name="endToEndScenarios.SCN05" tests="1" failures="0" timestamp="05 Jun 2018 05:40:43 GMT" time="151.506" errors="0">
  <testcase name="receiptPostingSetup_1" time="151.506" classname="endToEndScenarios.SCN05"/>
</testsuite> <!-- endToEndScenarios.SCN05 -->
