<?xml version="1.0" encoding="UTF-8"?>
<!-- Generated by org.testng.reporters.JUnitReportReporter -->
<testsuite skipped="0" hostname="LW-NIRUSH" name="endToEndScenarios.SCN19" tests="1" failures="0" timestamp="21 Aug 2018 12:49:38 GMT" time="103.309" errors="0">
  <testcase name="fullPayoff" time="103.309" classname="endToEndScenarios.SCN19"/>
</testsuite> <!-- endToEndScenarios.SCN19 -->
