<?xml version="1.0" encoding="UTF-8"?>
<!-- Generated by org.testng.reporters.JUnitReportReporter -->
<testsuite skipped="0" hostname="LW-NIRUSH" name="moduleLevel_Scenarios.LeaseDataSetup_Test" tests="1" failures="0" timestamp="14 May 2018 06:15:08 GMT" time="93.305" errors="0">
  <testcase name="BackendLeaseDataSetup" time="93.305" classname="moduleLevel_Scenarios.LeaseDataSetup_Test"/>
</testsuite> <!-- moduleLevel_Scenarios.LeaseDataSetup_Test -->
