<?xml version="1.0" encoding="UTF-8"?>
<!-- Generated by org.testng.reporters.JUnitReportReporter -->
<testsuite skipped="0" hostname="LWO-NirushS" name="test.TestClass" tests="1" failures="0" timestamp="06 Nov 2019 10:35:06 GMT" time="7.722" errors="0">
  <testcase name="test2" time="7.722" classname="test.TestClass"/>
</testsuite> <!-- test.TestClass -->
